============================================================
HEDIS Quality Measures - Claims Data Generator
============================================================

This will generate 3000 patients and associated claims.
Estimated time: 15-20 minutes
============================================================

=== Creating Practitioner ===
✓ Created Dr. Sarah Johnson (Practitioner/prov-1)

=== Generating 1000 patients for COL measure ===
  Created 100/1000 COL patients...
  Created 200/1000 COL patients...
  Created 300/1000 COL patients...
  Created 400/1000 COL patients...
  Created 500/1000 COL patients...
  Created 600/1000 COL patients...
  Created 700/1000 COL patients...
  Created 800/1000 COL patients...
  Created 900/1000 COL patients...
  Created 1000/1000 COL patients...
✓ Created 1000 COL patients with 906 screening claims

=== Generating 1000 patients for CDC measure ===
  Created 100/1000 CDC patients...
  Created 200/1000 CDC patients...
  Created 300/1000 CDC patients...
  Created 400/1000 CDC patients...
  Created 500/1000 CDC patients...
  Created 600/1000 CDC patients...
  Created 700/1000 CDC patients...
  Created 800/1000 CDC patients...
  Created 900/1000 CDC patients...
  Created 1000/1000 CDC patients...
✓ Created 1000 CDC patients with 747 HbA1c claims

=== Generating 1000 patients for CBP measure ===
  Created 100/1000 CBP patients...
  Created 200/1000 CBP patients...
  Created 300/1000 CBP patients...
  Created 400/1000 CBP patients...
  Created 500/1000 CBP patients...
  Created 600/1000 CBP patients...
  Created 700/1000 CBP patients...
  Created 800/1000 CBP patients...
  Created 900/1000 CBP patients...
  Created 1000/1000 CBP patients...
✓ Created 1000 CBP patients with 1749 office visit claims

============================================================
✓ HEDIS claims generation complete!
============================================================

Summary:
  - COL: 1000 patients (ages 45-75) with colonoscopy/FIT claims
  - CDC: 1000 patients (ages 18-75) with diabetes + HbA1c claims
  - CBP: 1000 patients (ages 18-85) with hypertension + office visits

Expected compliance rates:
  - COL: ~70% (colonoscopy) + ~20% (FIT) = 90%
  - CDC: ~75%
  - CBP: ~70%

Refresh your dashboard to see the updated HEDIS measures!
