nohup: ignoring input

Loading 100,000 claims...
Batch size: 200, Workers: 8
  Processed 2,000/100,000 claims (57.0 claims/sec)
  Processed 4,000/100,000 claims (54.5 claims/sec)
  Processed 6,000/100,000 claims (46.8 claims/sec)
  Processed 8,000/100,000 claims (41.9 claims/sec)
  Processed 10,000/100,000 claims (42.8 claims/sec)
  Processed 12,000/100,000 claims (43.8 claims/sec)
  Processed 14,000/100,000 claims (44.8 claims/sec)
  Processed 16,000/100,000 claims (45.6 claims/sec)
  Processed 18,000/100,000 claims (47.3 claims/sec)
  Processed 20,000/100,000 claims (47.6 claims/sec)
  Processed 22,000/100,000 claims (48.4 claims/sec)
  Processed 24,000/100,000 claims (48.9 claims/sec)
  Processed 26,000/100,000 claims (49.9 claims/sec)
  Processed 28,000/100,000 claims (50.2 claims/sec)
  Processed 30,000/100,000 claims (50.6 claims/sec)
  Processed 32,000/100,000 claims (51.1 claims/sec)
  Processed 34,000/100,000 claims (52.0 claims/sec)
  Processed 36,000/100,000 claims (52.6 claims/sec)
  Processed 38,000/100,000 claims (53.1 claims/sec)
  Processed 40,000/100,000 claims (53.5 claims/sec)
  Processed 42,000/100,000 claims (54.2 claims/sec)
  Processed 44,000/100,000 claims (54.5 claims/sec)
  Processed 46,000/100,000 claims (54.7 claims/sec)
  Processed 48,000/100,000 claims (54.9 claims/sec)
  Processed 50,000/100,000 claims (55.2 claims/sec)
  Processed 52,000/100,000 claims (55.5 claims/sec)
  Processed 54,000/100,000 claims (55.5 claims/sec)
  Processed 56,000/100,000 claims (55.6 claims/sec)
  Processed 58,000/100,000 claims (55.4 claims/sec)
  Processed 60,000/100,000 claims (55.2 claims/sec)
  Processed 62,000/100,000 claims (55.4 claims/sec)
  Processed 64,000/100,000 claims (55.6 claims/sec)
  Processed 66,000/100,000 claims (55.6 claims/sec)
  Processed 68,000/100,000 claims (55.6 claims/sec)
  Processed 70,000/100,000 claims (55.8 claims/sec)
  Processed 72,000/100,000 claims (55.8 claims/sec)
  Processed 74,000/100,000 claims (55.9 claims/sec)
  Processed 76,000/100,000 claims (56.0 claims/sec)
  Processed 78,000/100,000 claims (56.1 claims/sec)
  Processed 80,000/100,000 claims (56.1 claims/sec)
  Processed 82,000/100,000 claims (56.0 claims/sec)
  Processed 84,000/100,000 claims (56.0 claims/sec)
  Processed 86,000/100,000 claims (55.9 claims/sec)
  Processed 88,000/100,000 claims (55.8 claims/sec)
  Processed 90,000/100,000 claims (55.8 claims/sec)
  Processed 92,000/100,000 claims (55.5 claims/sec)
  Processed 94,000/100,000 claims (55.5 claims/sec)
  Processed 96,000/100,000 claims (55.2 claims/sec)
  Processed 98,000/100,000 claims (55.1 claims/sec)
  Processed 100,000/100,000 claims (54.9 claims/sec)

============================================================
LOAD SUMMARY
============================================================
Claims created:        100,000
Patients created:      99,036
Practitioners created: 24,559
Coverage created:      99,037
Errors:                1
Elapsed time:          1822.7s
Average rate:          54.9 claims/sec
============================================================

Errors:
  {'resource': 'Patient/patient-002507', 'status': 409, 'error': '{\n  "resourceType": "OperationOutcome",\n  "issue": [ {\n    "severity": "error",\n    "code": "processing",\n    "diagnostics": "HAPI-0550: HAPI-0825: The operation has failed with a client-assigned ID c'}
